2014/09/08 09:19:50 INFO  - jmeter.util.JMeterUtils: Setting Locale to en_US 
2014/09/08 09:19:50 INFO  - jmeter.JMeter: Loading user properties from: /Users/ApigeeCorporation/Development/MavenProject/maven-project/pdani-Apigee/weather-api-maven-jmeter/target/jmeter/bin/user.properties 
2014/09/08 09:19:50 INFO  - jmeter.JMeter: Loading system properties from: /Users/ApigeeCorporation/Development/MavenProject/maven-project/pdani-Apigee/weather-api-maven-jmeter/target/jmeter/bin/system.properties 
2014/09/08 09:19:50 INFO  - jmeter.JMeter: Copyright (c) 1998-2013 The Apache Software Foundation 
2014/09/08 09:19:50 INFO  - jmeter.JMeter: Version 2.9 r1437961 
2014/09/08 09:19:50 INFO  - jmeter.JMeter: java.version=1.6.0_65 
2014/09/08 09:19:50 INFO  - jmeter.JMeter: java.vm.name=Java HotSpot(TM) 64-Bit Server VM 
2014/09/08 09:19:50 INFO  - jmeter.JMeter: os.name=Mac OS X 
2014/09/08 09:19:50 INFO  - jmeter.JMeter: os.arch=x86_64 
2014/09/08 09:19:50 INFO  - jmeter.JMeter: os.version=10.9.3 
2014/09/08 09:19:50 INFO  - jmeter.JMeter: file.encoding=MacRoman 
2014/09/08 09:19:50 INFO  - jmeter.JMeter: Default Locale=English (United States) 
2014/09/08 09:19:50 INFO  - jmeter.JMeter: JMeter  Locale=English (United States) 
2014/09/08 09:19:50 INFO  - jmeter.JMeter: JMeterHome=/Users/ApigeeCorporation/Development/MavenProject/maven-project/pdani-Apigee/weather-api-maven-jmeter/target/jmeter 
2014/09/08 09:19:50 INFO  - jmeter.JMeter: user.dir  =/Users/ApigeeCorporation/Development/MavenProject/maven-project/pdani-Apigee/weather-api-maven-jmeter/target/jmeter/bin 
2014/09/08 09:19:50 INFO  - jmeter.JMeter: PWD       =/Users/ApigeeCorporation/Development/MavenProject/maven-project/pdani-Apigee/weather-api-maven-jmeter/target/jmeter/bin 
2014/09/08 09:19:50 INFO  - jmeter.JMeter: IP: 192.168.2.2 Name: Pradeeps-MacBook-Pro.local FullName: 192.168.2.2 
2014/09/08 09:19:50 INFO  - jmeter.services.FileServer: Set new base='/Users/ApigeeCorporation/Development/MavenProject/maven-project/pdani-Apigee/weather-api-maven-jmeter/src/test/jmeter' 
2014/09/08 09:19:50 INFO  - jmeter.JMeter: Loading file: /Users/ApigeeCorporation/Development/MavenProject/maven-project/pdani-Apigee/weather-api-maven-jmeter/src/test/jmeter/weather.jmx 
2014/09/08 09:19:50 INFO  - jmeter.engine.StandardJMeterEngine: Running the test! 
2014/09/08 09:19:50 INFO  - jmeter.JMeter: Running test (1410182390969) 
2014/09/08 09:19:51 INFO  - jmeter.engine.StandardJMeterEngine: Starting ThreadGroup: 1 : Thread Group 
2014/09/08 09:19:51 INFO  - jmeter.engine.StandardJMeterEngine: Starting 3 threads for group Thread Group. 
2014/09/08 09:19:51 INFO  - jmeter.engine.StandardJMeterEngine: Thread will continue on error 
2014/09/08 09:19:51 INFO  - jmeter.threads.ThreadGroup: Starting thread group number 1 threads 3 ramp-up 3 perThread 1000.0 delayedStart=false 
2014/09/08 09:19:51 INFO  - jmeter.threads.JMeterThread: Thread started: Thread Group 1-1 
2014/09/08 09:19:51 INFO  - jmeter.services.FileServer: Stored: weather.csv 
2014/09/08 09:19:51 INFO  - jmeter.threads.ThreadGroup: Started thread group number 1 
2014/09/08 09:19:51 INFO  - jmeter.engine.StandardJMeterEngine: All thread groups have been started 
2014/09/08 09:19:51 INFO  - jmeter.threads.JMeterThread: Thread finished: Thread Group 1-1 
2014/09/08 09:19:52 INFO  - jmeter.threads.JMeterThread: Thread started: Thread Group 1-2 
2014/09/08 09:19:52 INFO  - jmeter.threads.JMeterThread: Thread finished: Thread Group 1-2 
2014/09/08 09:19:53 INFO  - jmeter.threads.JMeterThread: Thread started: Thread Group 1-3 
2014/09/08 09:19:53 INFO  - jmeter.threads.JMeterThread: Thread finished: Thread Group 1-3 
2014/09/08 09:19:53 INFO  - jmeter.engine.StandardJMeterEngine: Notifying test listeners of end of test 
2014/09/08 09:19:53 INFO  - jmeter.services.FileServer: Close: weather.csv 
